<?xml version="1.0" encoding="UTF-8"?>
<testng-results ignored="0" total="2" passed="2" failed="0" skipped="0">
  <reporter-output>
  </reporter-output>
  <suite started-at="2023-09-16T13:48:07 IST" name="Default suite" finished-at="2023-09-16T13:48:15 IST" duration-ms="7383">
    <groups>
    </groups>
    <test started-at="2023-09-16T13:48:07 IST" name="Default test" finished-at="2023-09-16T13:48:15 IST" duration-ms="7383">
      <class name="APITESTING.API.GetPaymentMethod">
        <test-method signature="oauth()[pri:0, instance:APITESTING.API.GetPaymentMethod@708f5957]" started-at="2023-09-16T13:48:07 IST" name="oauth" finished-at="2023-09-16T13:48:12 IST" duration-ms="4814" status="PASS">
          <reporter-output>
          </reporter-output>
        </test-method> <!-- oauth -->
        <test-method signature="getpaymentmethod()[pri:0, instance:APITESTING.API.GetPaymentMethod@708f5957]" started-at="2023-09-16T13:48:12 IST" name="getpaymentmethod" finished-at="2023-09-16T13:48:15 IST" depends-on-methods="APITESTING.API.GetPaymentMethod.oauth" duration-ms="2491" status="PASS">
          <reporter-output>
          </reporter-output>
        </test-method> <!-- getpaymentmethod -->
      </class> <!-- APITESTING.API.GetPaymentMethod -->
    </test> <!-- Default test -->
  </suite> <!-- Default suite -->
</testng-results>
