<?xml version="1.0" encoding="UTF-8"?>
<!-- Generated by org.testng.reporters.JUnitXMLReporter -->
<testsuite ignored="30" hostname="Harender-MacBook-Pro.local" failures="16" tests="16" name="GIVECENTRAL" time="341.861" errors="0" timestamp="2023-06-04T09:22:46 IST">
  <testcase classname="GIVECENTRAL1.GIVECENTRAL1.BaseClass" name="@AfterMethod ccb" time="0.001">
    <failure type="java.lang.NullPointerException" message="Cannot invoke &amp;quot;com.aventstack.extentreports.ExtentTest.log(com.aventstack.extentreports.Status, com.aventstack.extentreports.markuputils.Markup)&amp;quot; because &amp;quot;this.test&amp;quot; is null">
      <![CDATA[java.lang.NullPointerException: Cannot invoke "com.aventstack.extentreports.ExtentTest.log(com.aventstack.extentreports.Status, com.aventstack.extentreports.markuputils.Markup)" because "this.test" is null
at GIVECENTRAL1.GIVECENTRAL1.BaseClass.ccb(BaseClass.java:81)
at java.base/java.util.ArrayList.forEach(ArrayList.java:1511)
... Removed 30 stack frames]]>
    </failure>
  </testcase> <!-- @AfterMethod ccb -->
  <testcase classname="GIVECENTRAL1.GIVECENTRAL1.BaseClass" name="@AfterMethod ccb" time="0.0">
    <failure type="java.lang.NullPointerException" message="Cannot invoke &amp;quot;com.aventstack.extentreports.ExtentTest.log(com.aventstack.extentreports.Status, com.aventstack.extentreports.markuputils.Markup)&amp;quot; because &amp;quot;this.test&amp;quot; is null">
      <![CDATA[java.lang.NullPointerException: Cannot invoke "com.aventstack.extentreports.ExtentTest.log(com.aventstack.extentreports.Status, com.aventstack.extentreports.markuputils.Markup)" because "this.test" is null
at GIVECENTRAL1.GIVECENTRAL1.BaseClass.ccb(BaseClass.java:81)
at java.base/java.util.ArrayList.forEach(ArrayList.java:1511)
... Removed 30 stack frames]]>
    </failure>
  </testcase> <!-- @AfterMethod ccb -->
  <testcase classname="GIVECENTRAL1.GIVECENTRAL1.BaseClass" name="@AfterMethod ccb" time="0.001">
    <failure type="java.lang.NullPointerException" message="Cannot invoke &amp;quot;com.aventstack.extentreports.ExtentTest.log(com.aventstack.extentreports.Status, com.aventstack.extentreports.markuputils.Markup)&amp;quot; because &amp;quot;this.test&amp;quot; is null">
      <![CDATA[java.lang.NullPointerException: Cannot invoke "com.aventstack.extentreports.ExtentTest.log(com.aventstack.extentreports.Status, com.aventstack.extentreports.markuputils.Markup)" because "this.test" is null
at GIVECENTRAL1.GIVECENTRAL1.BaseClass.ccb(BaseClass.java:81)
at java.base/java.util.ArrayList.forEach(ArrayList.java:1511)
... Removed 30 stack frames]]>
    </failure>
  </testcase> <!-- @AfterMethod ccb -->
  <testcase classname="GIVECENTRAL1.GIVECENTRAL1.BaseClass" name="@AfterMethod ccb" time="0.001">
    <failure type="java.lang.NullPointerException" message="Cannot invoke &amp;quot;com.aventstack.extentreports.ExtentTest.log(com.aventstack.extentreports.Status, com.aventstack.extentreports.markuputils.Markup)&amp;quot; because &amp;quot;this.test&amp;quot; is null">
      <![CDATA[java.lang.NullPointerException: Cannot invoke "com.aventstack.extentreports.ExtentTest.log(com.aventstack.extentreports.Status, com.aventstack.extentreports.markuputils.Markup)" because "this.test" is null
at GIVECENTRAL1.GIVECENTRAL1.BaseClass.ccb(BaseClass.java:81)
at java.base/java.util.ArrayList.forEach(ArrayList.java:1511)
... Removed 30 stack frames]]>
    </failure>
  </testcase> <!-- @AfterMethod ccb -->
  <testcase classname="GIVECENTRAL1.GIVECENTRAL1.BaseClass" name="@AfterMethod ccb" time="0.0">
    <failure type="java.lang.NullPointerException" message="Cannot invoke &amp;quot;com.aventstack.extentreports.ExtentTest.log(com.aventstack.extentreports.Status, com.aventstack.extentreports.markuputils.Markup)&amp;quot; because &amp;quot;this.test&amp;quot; is null">
      <![CDATA[java.lang.NullPointerException: Cannot invoke "com.aventstack.extentreports.ExtentTest.log(com.aventstack.extentreports.Status, com.aventstack.extentreports.markuputils.Markup)" because "this.test" is null
at GIVECENTRAL1.GIVECENTRAL1.BaseClass.ccb(BaseClass.java:81)
at java.base/java.util.ArrayList.forEach(ArrayList.java:1511)
... Removed 30 stack frames]]>
    </failure>
  </testcase> <!-- @AfterMethod ccb -->
  <testcase classname="GIVECENTRAL1.GIVECENTRAL1.BaseClass" name="@AfterMethod ccb" time="0.001">
    <failure type="java.lang.NullPointerException" message="Cannot invoke &amp;quot;com.aventstack.extentreports.ExtentTest.log(com.aventstack.extentreports.Status, com.aventstack.extentreports.markuputils.Markup)&amp;quot; because &amp;quot;this.test&amp;quot; is null">
      <![CDATA[java.lang.NullPointerException: Cannot invoke "com.aventstack.extentreports.ExtentTest.log(com.aventstack.extentreports.Status, com.aventstack.extentreports.markuputils.Markup)" because "this.test" is null
at GIVECENTRAL1.GIVECENTRAL1.BaseClass.ccb(BaseClass.java:81)
at java.base/java.util.ArrayList.forEach(ArrayList.java:1511)
... Removed 30 stack frames]]>
    </failure>
  </testcase> <!-- @AfterMethod ccb -->
  <testcase classname="GIVECENTRAL1.GIVECENTRAL1.BaseClass" name="@AfterMethod ccb" time="0.001">
    <failure type="java.lang.NullPointerException" message="Cannot invoke &amp;quot;com.aventstack.extentreports.ExtentTest.log(com.aventstack.extentreports.Status, com.aventstack.extentreports.markuputils.Markup)&amp;quot; because &amp;quot;this.test&amp;quot; is null">
      <![CDATA[java.lang.NullPointerException: Cannot invoke "com.aventstack.extentreports.ExtentTest.log(com.aventstack.extentreports.Status, com.aventstack.extentreports.markuputils.Markup)" because "this.test" is null
at GIVECENTRAL1.GIVECENTRAL1.BaseClass.ccb(BaseClass.java:81)
at java.base/java.util.ArrayList.forEach(ArrayList.java:1511)
... Removed 30 stack frames]]>
    </failure>
  </testcase> <!-- @AfterMethod ccb -->
  <testcase classname="GIVECENTRAL1.GIVECENTRAL1.BaseClass" name="@AfterMethod ccb" time="0.0">
    <failure type="java.lang.NullPointerException" message="Cannot invoke &amp;quot;com.aventstack.extentreports.ExtentTest.log(com.aventstack.extentreports.Status, com.aventstack.extentreports.markuputils.Markup)&amp;quot; because &amp;quot;this.test&amp;quot; is null">
      <![CDATA[java.lang.NullPointerException: Cannot invoke "com.aventstack.extentreports.ExtentTest.log(com.aventstack.extentreports.Status, com.aventstack.extentreports.markuputils.Markup)" because "this.test" is null
at GIVECENTRAL1.GIVECENTRAL1.BaseClass.ccb(BaseClass.java:81)
at java.base/java.util.ArrayList.forEach(ArrayList.java:1511)
... Removed 30 stack frames]]>
    </failure>
  </testcase> <!-- @AfterMethod ccb -->
  <testcase classname="GIVECENTRAL1.GIVECENTRAL1.BaseClass" name="@AfterMethod ccb" time="0.001">
    <failure type="java.lang.NullPointerException" message="Cannot invoke &amp;quot;com.aventstack.extentreports.ExtentTest.log(com.aventstack.extentreports.Status, com.aventstack.extentreports.markuputils.Markup)&amp;quot; because &amp;quot;this.test&amp;quot; is null">
      <![CDATA[java.lang.NullPointerException: Cannot invoke "com.aventstack.extentreports.ExtentTest.log(com.aventstack.extentreports.Status, com.aventstack.extentreports.markuputils.Markup)" because "this.test" is null
at GIVECENTRAL1.GIVECENTRAL1.BaseClass.ccb(BaseClass.java:81)
at java.base/java.util.ArrayList.forEach(ArrayList.java:1511)
... Removed 30 stack frames]]>
    </failure>
  </testcase> <!-- @AfterMethod ccb -->
  <testcase classname="GIVECENTRAL1.GIVECENTRAL1.BaseClass" name="@AfterMethod ccb" time="0.001">
    <failure type="java.lang.NullPointerException" message="Cannot invoke &amp;quot;com.aventstack.extentreports.ExtentTest.log(com.aventstack.extentreports.Status, com.aventstack.extentreports.markuputils.Markup)&amp;quot; because &amp;quot;this.test&amp;quot; is null">
      <![CDATA[java.lang.NullPointerException: Cannot invoke "com.aventstack.extentreports.ExtentTest.log(com.aventstack.extentreports.Status, com.aventstack.extentreports.markuputils.Markup)" because "this.test" is null
at GIVECENTRAL1.GIVECENTRAL1.BaseClass.ccb(BaseClass.java:81)
at java.base/java.util.ArrayList.forEach(ArrayList.java:1511)
... Removed 30 stack frames]]>
    </failure>
  </testcase> <!-- @AfterMethod ccb -->
  <testcase classname="GIVECENTRAL1.GIVECENTRAL1.BaseClass" name="@AfterMethod ccb" time="0.002">
    <failure type="java.lang.NullPointerException" message="Cannot invoke &amp;quot;com.aventstack.extentreports.ExtentTest.log(com.aventstack.extentreports.Status, com.aventstack.extentreports.markuputils.Markup)&amp;quot; because &amp;quot;this.test&amp;quot; is null">
      <![CDATA[java.lang.NullPointerException: Cannot invoke "com.aventstack.extentreports.ExtentTest.log(com.aventstack.extentreports.Status, com.aventstack.extentreports.markuputils.Markup)" because "this.test" is null
at GIVECENTRAL1.GIVECENTRAL1.BaseClass.ccb(BaseClass.java:81)
at java.base/java.util.ArrayList.forEach(ArrayList.java:1511)
... Removed 30 stack frames]]>
    </failure>
  </testcase> <!-- @AfterMethod ccb -->
  <testcase classname="GIVECENTRAL1.GIVECENTRAL1.BaseClass" name="@AfterMethod ccb" time="0.001">
    <failure type="java.lang.NullPointerException" message="Cannot invoke &amp;quot;com.aventstack.extentreports.ExtentTest.log(com.aventstack.extentreports.Status, com.aventstack.extentreports.markuputils.Markup)&amp;quot; because &amp;quot;this.test&amp;quot; is null">
      <![CDATA[java.lang.NullPointerException: Cannot invoke "com.aventstack.extentreports.ExtentTest.log(com.aventstack.extentreports.Status, com.aventstack.extentreports.markuputils.Markup)" because "this.test" is null
at GIVECENTRAL1.GIVECENTRAL1.BaseClass.ccb(BaseClass.java:81)
at java.base/java.util.ArrayList.forEach(ArrayList.java:1511)
... Removed 30 stack frames]]>
    </failure>
  </testcase> <!-- @AfterMethod ccb -->
  <testcase classname="GIVECENTRAL1.GIVECENTRAL1.BaseClass" name="@AfterMethod ccb" time="0.001">
    <failure type="java.lang.NullPointerException" message="Cannot invoke &amp;quot;com.aventstack.extentreports.ExtentTest.log(com.aventstack.extentreports.Status, com.aventstack.extentreports.markuputils.Markup)&amp;quot; because &amp;quot;this.test&amp;quot; is null">
      <![CDATA[java.lang.NullPointerException: Cannot invoke "com.aventstack.extentreports.ExtentTest.log(com.aventstack.extentreports.Status, com.aventstack.extentreports.markuputils.Markup)" because "this.test" is null
at GIVECENTRAL1.GIVECENTRAL1.BaseClass.ccb(BaseClass.java:81)
at java.base/java.util.ArrayList.forEach(ArrayList.java:1511)
... Removed 30 stack frames]]>
    </failure>
  </testcase> <!-- @AfterMethod ccb -->
  <testcase classname="GIVECENTRAL1.GIVECENTRAL1.BaseClass" name="@AfterMethod ccb" time="0.001">
    <failure type="java.lang.NullPointerException" message="Cannot invoke &amp;quot;com.aventstack.extentreports.ExtentTest.log(com.aventstack.extentreports.Status, com.aventstack.extentreports.markuputils.Markup)&amp;quot; because &amp;quot;this.test&amp;quot; is null">
      <![CDATA[java.lang.NullPointerException: Cannot invoke "com.aventstack.extentreports.ExtentTest.log(com.aventstack.extentreports.Status, com.aventstack.extentreports.markuputils.Markup)" because "this.test" is null
at GIVECENTRAL1.GIVECENTRAL1.BaseClass.ccb(BaseClass.java:81)
at java.base/java.util.ArrayList.forEach(ArrayList.java:1511)
... Removed 30 stack frames]]>
    </failure>
  </testcase> <!-- @AfterMethod ccb -->
  <testcase classname="GIVECENTRAL1.GIVECENTRAL1.BaseClass" name="@AfterMethod ccb" time="0.0">
    <failure type="java.lang.NullPointerException" message="Cannot invoke &amp;quot;com.aventstack.extentreports.ExtentTest.log(com.aventstack.extentreports.Status, com.aventstack.extentreports.markuputils.Markup)&amp;quot; because &amp;quot;this.test&amp;quot; is null">
      <![CDATA[java.lang.NullPointerException: Cannot invoke "com.aventstack.extentreports.ExtentTest.log(com.aventstack.extentreports.Status, com.aventstack.extentreports.markuputils.Markup)" because "this.test" is null
at GIVECENTRAL1.GIVECENTRAL1.BaseClass.ccb(BaseClass.java:81)
at java.base/java.util.ArrayList.forEach(ArrayList.java:1511)
... Removed 30 stack frames]]>
    </failure>
  </testcase> <!-- @AfterMethod ccb -->
  <testcase classname="GIVECENTRAL1.GIVECENTRAL1.Crowdfounding_Event" name="CrowdfoundingEvent" time="235.547">
    <failure type="org.openqa.selenium.TimeoutException" message="java.util.concurrent.TimeoutException
Build info: version: &amp;apos;4.8.1&amp;apos;, revision: &amp;apos;8ebccac989&amp;apos;
System info: os.name: &amp;apos;Mac OS X&amp;apos;, os.arch: &amp;apos;x86_64&amp;apos;, os.version: &amp;apos;10.15.7&amp;apos;, java.version: &amp;apos;19.0.2&amp;apos;
Driver info: org.openqa.selenium.chrome.ChromeDriver
Command: [ac3ac501db7ea83587fa8dc2ba92802c, clickElement {id=84513ffc-1c8b-438a-b40a-9861ea24818f}]
Capabilities {acceptInsecureCerts: false, browserName: chrome, browserVersion: 111.0.5563.64, chrome: {chromedriverVersion: 111.0.5563.64 (c710e93d5b63..., userDataDir: /var/folders/02/fx5lb6p175s...}, goog:chromeOptions: {debuggerAddress: localhost:60533}, networkConnectionEnabled: false, pageLoadStrategy: normal, platformName: MAC, proxy: Proxy(), se:cdp: ws://localhost:60533/devtoo..., se:cdpVersion: 111.0.5563.64, setWindowRect: true, strictFileInteractability: false, timeouts: {implicit: 0, pageLoad: 300000, script: 30000}, unhandledPromptBehavior: dismiss and notify, webauthn:extension:credBlob: true, webauthn:extension:largeBlob: true, webauthn:extension:minPinLength: true, webauthn:extension:prf: true, webauthn:virtualAuthenticators: true}
Element: [[ChromeDriver: chrome on MAC (ac3ac501db7ea83587fa8dc2ba92802c)] -&amp;gt; xpath: //span[normalize-space()=&amp;apos;Add New&amp;apos;]]
Session ID: ac3ac501db7ea83587fa8dc2ba92802c">
      <![CDATA[org.openqa.selenium.TimeoutException: java.util.concurrent.TimeoutException
Build info: version: '4.8.1', revision: '8ebccac989'
System info: os.name: 'Mac OS X', os.arch: 'x86_64', os.version: '10.15.7', java.version: '19.0.2'
Driver info: org.openqa.selenium.chrome.ChromeDriver
Command: [ac3ac501db7ea83587fa8dc2ba92802c, clickElement {id=84513ffc-1c8b-438a-b40a-9861ea24818f}]
Capabilities {acceptInsecureCerts: false, browserName: chrome, browserVersion: 111.0.5563.64, chrome: {chromedriverVersion: 111.0.5563.64 (c710e93d5b63..., userDataDir: /var/folders/02/fx5lb6p175s...}, goog:chromeOptions: {debuggerAddress: localhost:60533}, networkConnectionEnabled: false, pageLoadStrategy: normal, platformName: MAC, proxy: Proxy(), se:cdp: ws://localhost:60533/devtoo..., se:cdpVersion: 111.0.5563.64, setWindowRect: true, strictFileInteractability: false, timeouts: {implicit: 0, pageLoad: 300000, script: 30000}, unhandledPromptBehavior: dismiss and notify, webauthn:extension:credBlob: true, webauthn:extension:largeBlob: true, webauthn:extension:minPinLength: true, webauthn:extension:prf: true, webauthn:virtualAuthenticators: true}
Element: [[ChromeDriver: chrome on MAC (ac3ac501db7ea83587fa8dc2ba92802c)] -> xpath: //span[normalize-space()='Add New']]
Session ID: ac3ac501db7ea83587fa8dc2ba92802c
at org.openqa.selenium.remote.http.netty.NettyHttpHandler.makeCall(NettyHttpHandler.java:65)
at org.openqa.selenium.remote.http.AddSeleniumUserAgent.lambda$apply$0(AddSeleniumUserAgent.java:42)
at org.openqa.selenium.remote.http.Filter.lambda$andFinally$1(Filter.java:56)
at org.openqa.selenium.remote.http.netty.NettyHttpHandler.execute(NettyHttpHandler.java:49)
at org.openqa.selenium.remote.http.AddSeleniumUserAgent.lambda$apply$0(AddSeleniumUserAgent.java:42)
at org.openqa.selenium.remote.http.Filter.lambda$andFinally$1(Filter.java:56)
at org.openqa.selenium.remote.http.netty.NettyClient.execute(NettyClient.java:99)
at org.openqa.selenium.remote.HttpCommandExecutor.execute(HttpCommandExecutor.java:181)
at org.openqa.selenium.remote.service.DriverCommandExecutor.invokeExecute(DriverCommandExecutor.java:167)
at org.openqa.selenium.remote.service.DriverCommandExecutor.execute(DriverCommandExecutor.java:142)
at org.openqa.selenium.remote.RemoteWebDriver.execute(RemoteWebDriver.java:543)
at org.openqa.selenium.remote.RemoteWebElement.execute(RemoteWebElement.java:257)
at org.openqa.selenium.remote.RemoteWebElement.click(RemoteWebElement.java:78)
at GIVECENTRAL1.GIVECENTRAL1.Crowdfounding_Event.CrowdfoundingEvent(Crowdfounding_Event.java:73)
at java.base/java.util.ArrayList.forEach(ArrayList.java:1511)
Caused by: java.util.concurrent.TimeoutException
at java.base/java.util.concurrent.CompletableFuture.timedGet(CompletableFuture.java:1960)
at java.base/java.util.concurrent.CompletableFuture.get(CompletableFuture.java:2095)
at org.asynchttpclient.netty.NettyResponseFuture.get(NettyResponseFuture.java:206)
at org.openqa.selenium.remote.http.netty.NettyHttpHandler.makeCall(NettyHttpHandler.java:59)
... 39 more
... Removed 25 stack frames]]>
    </failure>
  </testcase> <!-- CrowdfoundingEvent -->
  <testcase classname="GIVECENTRAL1.GIVECENTRAL1.GiveCentral_First" name="GC_First" time="2.453">
    <failure type="java.lang.NullPointerException" message="Cannot invoke &amp;quot;com.aventstack.extentreports.ExtentReports.createTest(String)&amp;quot; because &amp;quot;this.extent&amp;quot; is null">
      <![CDATA[java.lang.NullPointerException: Cannot invoke "com.aventstack.extentreports.ExtentReports.createTest(String)" because "this.extent" is null
at GIVECENTRAL1.GIVECENTRAL1.GiveCentral_First.GC_First(GiveCentral_First.java:35)
at java.base/java.util.ArrayList.forEach(ArrayList.java:1511)
... Removed 25 stack frames]]>
    </failure>
  </testcase> <!-- GC_First -->
  <testcase classname="GIVECENTRAL1.GIVECENTRAL1.Ticket_Event" name="TicketEvent" time="2.239">
    <failure type="java.lang.NullPointerException" message="Cannot invoke &amp;quot;com.aventstack.extentreports.ExtentReports.createTest(String)&amp;quot; because &amp;quot;this.extent&amp;quot; is null">
      <![CDATA[java.lang.NullPointerException: Cannot invoke "com.aventstack.extentreports.ExtentReports.createTest(String)" because "this.extent" is null
at GIVECENTRAL1.GIVECENTRAL1.Ticket_Event.TicketEvent(Ticket_Event.java:37)
at java.base/java.util.ArrayList.forEach(ArrayList.java:1511)
... Removed 25 stack frames]]>
    </failure>
  </testcase> <!-- TicketEvent -->
  <testcase classname="GIVECENTRAL1.GIVECENTRAL1.AddDonor" name="Add_Donor" time="2.294">
    <failure type="java.lang.NullPointerException" message="Cannot invoke &amp;quot;com.aventstack.extentreports.ExtentReports.createTest(String)&amp;quot; because &amp;quot;this.extent&amp;quot; is null">
      <![CDATA[java.lang.NullPointerException: Cannot invoke "com.aventstack.extentreports.ExtentReports.createTest(String)" because "this.extent" is null
at GIVECENTRAL1.GIVECENTRAL1.AddDonor.Add_Donor(AddDonor.java:33)
at java.base/java.util.ArrayList.forEach(ArrayList.java:1511)
... Removed 25 stack frames]]>
    </failure>
  </testcase> <!-- Add_Donor -->
  <testcase classname="GIVECENTRAL1.GIVECENTRAL1.Normal_Event" name="NormalEvent" time="2.222">
    <failure type="java.lang.NullPointerException" message="Cannot invoke &amp;quot;com.aventstack.extentreports.ExtentReports.createTest(String)&amp;quot; because &amp;quot;this.extent&amp;quot; is null">
      <![CDATA[java.lang.NullPointerException: Cannot invoke "com.aventstack.extentreports.ExtentReports.createTest(String)" because "this.extent" is null
at GIVECENTRAL1.GIVECENTRAL1.Normal_Event.NormalEvent(Normal_Event.java:36)
at java.base/java.util.ArrayList.forEach(ArrayList.java:1511)
... Removed 25 stack frames]]>
    </failure>
  </testcase> <!-- NormalEvent -->
  <testcase classname="GIVECENTRAL1.GIVECENTRAL1.Text_To_Engage_Report" name="TextToEngageReport" time="2.279">
    <failure type="java.lang.NullPointerException" message="Cannot invoke &amp;quot;com.aventstack.extentreports.ExtentReports.createTest(String)&amp;quot; because &amp;quot;this.extent&amp;quot; is null">
      <![CDATA[java.lang.NullPointerException: Cannot invoke "com.aventstack.extentreports.ExtentReports.createTest(String)" because "this.extent" is null
at GIVECENTRAL1.GIVECENTRAL1.Text_To_Engage_Report.TextToEngageReport(Text_To_Engage_Report.java:33)
at java.base/java.util.ArrayList.forEach(ArrayList.java:1511)
... Removed 25 stack frames]]>
    </failure>
  </testcase> <!-- TextToEngageReport -->
  <testcase classname="GIVECENTRAL1.GIVECENTRAL1.Pladged_Event" name="PladgedEvent" time="2.401">
    <failure type="java.lang.NullPointerException" message="Cannot invoke &amp;quot;com.aventstack.extentreports.ExtentReports.createTest(String)&amp;quot; because &amp;quot;this.extent&amp;quot; is null">
      <![CDATA[java.lang.NullPointerException: Cannot invoke "com.aventstack.extentreports.ExtentReports.createTest(String)" because "this.extent" is null
at GIVECENTRAL1.GIVECENTRAL1.Pladged_Event.PladgedEvent(Pladged_Event.java:36)
at java.base/java.util.ArrayList.forEach(ArrayList.java:1511)
... Removed 25 stack frames]]>
    </failure>
  </testcase> <!-- PladgedEvent -->
  <testcase classname="GIVECENTRAL1.GIVECENTRAL1.Dynamic_Page2" name="DynamicPage2" time="2.474">
    <failure type="java.lang.NullPointerException" message="Cannot invoke &amp;quot;com.aventstack.extentreports.ExtentReports.createTest(String)&amp;quot; because &amp;quot;this.extent&amp;quot; is null">
      <![CDATA[java.lang.NullPointerException: Cannot invoke "com.aventstack.extentreports.ExtentReports.createTest(String)" because "this.extent" is null
at GIVECENTRAL1.GIVECENTRAL1.Dynamic_Page2.DynamicPage2(Dynamic_Page2.java:45)
at java.base/java.util.ArrayList.forEach(ArrayList.java:1511)
... Removed 25 stack frames]]>
    </failure>
  </testcase> <!-- DynamicPage2 -->
  <testcase classname="GIVECENTRAL1.GIVECENTRAL1.Dynamic_Page1" name="DynamicPage1" time="2.514">
    <failure type="java.lang.NullPointerException" message="Cannot invoke &amp;quot;com.aventstack.extentreports.ExtentReports.createTest(String)&amp;quot; because &amp;quot;this.extent&amp;quot; is null">
      <![CDATA[java.lang.NullPointerException: Cannot invoke "com.aventstack.extentreports.ExtentReports.createTest(String)" because "this.extent" is null
at GIVECENTRAL1.GIVECENTRAL1.Dynamic_Page1.DynamicPage1(Dynamic_Page1.java:41)
at java.base/java.util.ArrayList.forEach(ArrayList.java:1511)
... Removed 25 stack frames]]>
    </failure>
  </testcase> <!-- DynamicPage1 -->
  <testcase classname="GIVECENTRAL1.GIVECENTRAL1.Dynamic_Page4" name="DynamicPage4" time="2.867">
    <failure type="java.lang.NullPointerException" message="Cannot invoke &amp;quot;com.aventstack.extentreports.ExtentReports.createTest(String)&amp;quot; because &amp;quot;this.extent&amp;quot; is null">
      <![CDATA[java.lang.NullPointerException: Cannot invoke "com.aventstack.extentreports.ExtentReports.createTest(String)" because "this.extent" is null
at GIVECENTRAL1.GIVECENTRAL1.Dynamic_Page4.DynamicPage4(Dynamic_Page4.java:37)
at java.base/java.util.ArrayList.forEach(ArrayList.java:1511)
... Removed 25 stack frames]]>
    </failure>
  </testcase> <!-- DynamicPage4 -->
  <testcase classname="GIVECENTRAL1.GIVECENTRAL1.Dynamic_Page3" name="DynamicPage3" time="2.627">
    <failure type="java.lang.NullPointerException" message="Cannot invoke &amp;quot;com.aventstack.extentreports.ExtentReports.createTest(String)&amp;quot; because &amp;quot;this.extent&amp;quot; is null">
      <![CDATA[java.lang.NullPointerException: Cannot invoke "com.aventstack.extentreports.ExtentReports.createTest(String)" because "this.extent" is null
at GIVECENTRAL1.GIVECENTRAL1.Dynamic_Page3.DynamicPage3(Dynamic_Page3.java:45)
at java.base/java.util.ArrayList.forEach(ArrayList.java:1511)
... Removed 25 stack frames]]>
    </failure>
  </testcase> <!-- DynamicPage3 -->
  <testcase classname="GIVECENTRAL1.GIVECENTRAL1.GC_Profile" name="GCProfile" time="2.789">
    <failure type="java.lang.NullPointerException" message="Cannot invoke &amp;quot;com.aventstack.extentreports.ExtentReports.createTest(String)&amp;quot; because &amp;quot;this.extent&amp;quot; is null">
      <![CDATA[java.lang.NullPointerException: Cannot invoke "com.aventstack.extentreports.ExtentReports.createTest(String)" because "this.extent" is null
at GIVECENTRAL1.GIVECENTRAL1.GC_Profile.GCProfile(GC_Profile.java:40)
at java.base/java.util.ArrayList.forEach(ArrayList.java:1511)
... Removed 25 stack frames]]>
    </failure>
  </testcase> <!-- GCProfile -->
  <testcase classname="GIVECENTRAL1.GIVECENTRAL1.AddNewEvent" name="Add_New_Event" time="2.644">
    <failure type="java.lang.NullPointerException" message="Cannot invoke &amp;quot;com.aventstack.extentreports.ExtentReports.createTest(String)&amp;quot; because &amp;quot;this.extent&amp;quot; is null">
      <![CDATA[java.lang.NullPointerException: Cannot invoke "com.aventstack.extentreports.ExtentReports.createTest(String)" because "this.extent" is null
at GIVECENTRAL1.GIVECENTRAL1.AddNewEvent.Add_New_Event(AddNewEvent.java:43)
at java.base/java.util.ArrayList.forEach(ArrayList.java:1511)
... Removed 25 stack frames]]>
    </failure>
  </testcase> <!-- Add_New_Event -->
  <testcase classname="GIVECENTRAL1.GIVECENTRAL1.Make_Guest_Payment" name="MakeGuestPayment" time="2.463">
    <failure type="java.lang.NullPointerException" message="Cannot invoke &amp;quot;com.aventstack.extentreports.ExtentReports.createTest(String)&amp;quot; because &amp;quot;this.extent&amp;quot; is null">
      <![CDATA[java.lang.NullPointerException: Cannot invoke "com.aventstack.extentreports.ExtentReports.createTest(String)" because "this.extent" is null
at GIVECENTRAL1.GIVECENTRAL1.Make_Guest_Payment.MakeGuestPayment(Make_Guest_Payment.java:36)
at java.base/java.util.ArrayList.forEach(ArrayList.java:1511)
... Removed 25 stack frames]]>
    </failure>
  </testcase> <!-- MakeGuestPayment -->
  <testcase classname="GIVECENTRAL1.GIVECENTRAL1.Communication_File" name="Comm_file" time="2.512">
    <failure type="java.lang.NullPointerException" message="Cannot invoke &amp;quot;com.aventstack.extentreports.ExtentReports.createTest(String)&amp;quot; because &amp;quot;this.extent&amp;quot; is null">
      <![CDATA[java.lang.NullPointerException: Cannot invoke "com.aventstack.extentreports.ExtentReports.createTest(String)" because "this.extent" is null
at GIVECENTRAL1.GIVECENTRAL1.Communication_File.Comm_file(Communication_File.java:44)
at java.base/java.util.ArrayList.forEach(ArrayList.java:1511)
... Removed 25 stack frames]]>
    </failure>
  </testcase> <!-- Comm_file -->
  <testcase classname="GIVECENTRAL1.GIVECENTRAL1.Express_Setup_Manage_Auction" name="Manage_Auction" time="2.334">
    <failure type="java.lang.NullPointerException" message="Cannot invoke &amp;quot;com.aventstack.extentreports.ExtentReports.createTest(String)&amp;quot; because &amp;quot;this.extent&amp;quot; is null">
      <![CDATA[java.lang.NullPointerException: Cannot invoke "com.aventstack.extentreports.ExtentReports.createTest(String)" because "this.extent" is null
at GIVECENTRAL1.GIVECENTRAL1.Express_Setup_Manage_Auction.Manage_Auction(Express_Setup_Manage_Auction.java:36)
at java.base/java.util.ArrayList.forEach(ArrayList.java:1511)
... Removed 25 stack frames]]>
    </failure>
  </testcase> <!-- Manage_Auction -->
  <testcase classname="GIVECENTRAL1.GIVECENTRAL1.BaseClass" name="@BeforeSuite setexent" time="0.0">
    <ignored/>
  </testcase> <!-- @BeforeSuite setexent -->
  <testcase classname="GIVECENTRAL1.GIVECENTRAL1.BaseClass" name="@BeforeSuite setexent" time="0.0">
    <ignored/>
  </testcase> <!-- @BeforeSuite setexent -->
  <testcase classname="GIVECENTRAL1.GIVECENTRAL1.BaseClass" name="@BeforeSuite setexent" time="0.0">
    <ignored/>
  </testcase> <!-- @BeforeSuite setexent -->
  <testcase classname="GIVECENTRAL1.GIVECENTRAL1.BaseClass" name="@BeforeSuite setexent" time="0.0">
    <ignored/>
  </testcase> <!-- @BeforeSuite setexent -->
  <testcase classname="GIVECENTRAL1.GIVECENTRAL1.BaseClass" name="@BeforeSuite setexent" time="0.0">
    <ignored/>
  </testcase> <!-- @BeforeSuite setexent -->
  <testcase classname="GIVECENTRAL1.GIVECENTRAL1.BaseClass" name="@BeforeSuite setexent" time="0.0">
    <ignored/>
  </testcase> <!-- @BeforeSuite setexent -->
  <testcase classname="GIVECENTRAL1.GIVECENTRAL1.BaseClass" name="@BeforeSuite setexent" time="0.0">
    <ignored/>
  </testcase> <!-- @BeforeSuite setexent -->
  <testcase classname="GIVECENTRAL1.GIVECENTRAL1.BaseClass" name="@BeforeSuite setexent" time="0.0">
    <ignored/>
  </testcase> <!-- @BeforeSuite setexent -->
  <testcase classname="GIVECENTRAL1.GIVECENTRAL1.BaseClass" name="@BeforeSuite setexent" time="0.0">
    <ignored/>
  </testcase> <!-- @BeforeSuite setexent -->
  <testcase classname="GIVECENTRAL1.GIVECENTRAL1.BaseClass" name="@BeforeSuite setexent" time="0.0">
    <ignored/>
  </testcase> <!-- @BeforeSuite setexent -->
  <testcase classname="GIVECENTRAL1.GIVECENTRAL1.BaseClass" name="@BeforeSuite setexent" time="0.0">
    <ignored/>
  </testcase> <!-- @BeforeSuite setexent -->
  <testcase classname="GIVECENTRAL1.GIVECENTRAL1.BaseClass" name="@BeforeSuite setexent" time="0.0">
    <ignored/>
  </testcase> <!-- @BeforeSuite setexent -->
  <testcase classname="GIVECENTRAL1.GIVECENTRAL1.BaseClass" name="@BeforeSuite setexent" time="0.0">
    <ignored/>
  </testcase> <!-- @BeforeSuite setexent -->
  <testcase classname="GIVECENTRAL1.GIVECENTRAL1.BaseClass" name="@BeforeSuite setexent" time="0.0">
    <ignored/>
  </testcase> <!-- @BeforeSuite setexent -->
  <testcase classname="GIVECENTRAL1.GIVECENTRAL1.BaseClass" name="@BeforeSuite setexent" time="0.0">
    <ignored/>
  </testcase> <!-- @BeforeSuite setexent -->
  <testcase classname="GIVECENTRAL1.GIVECENTRAL1.BaseClass" name="@AfterSuite endreport" time="0.0">
    <ignored/>
  </testcase> <!-- @AfterSuite endreport -->
  <testcase classname="GIVECENTRAL1.GIVECENTRAL1.BaseClass" name="@AfterSuite endreport" time="0.0">
    <ignored/>
  </testcase> <!-- @AfterSuite endreport -->
  <testcase classname="GIVECENTRAL1.GIVECENTRAL1.BaseClass" name="@AfterSuite endreport" time="0.0">
    <ignored/>
  </testcase> <!-- @AfterSuite endreport -->
  <testcase classname="GIVECENTRAL1.GIVECENTRAL1.BaseClass" name="@AfterSuite endreport" time="0.0">
    <ignored/>
  </testcase> <!-- @AfterSuite endreport -->
  <testcase classname="GIVECENTRAL1.GIVECENTRAL1.BaseClass" name="@AfterSuite endreport" time="0.0">
    <ignored/>
  </testcase> <!-- @AfterSuite endreport -->
  <testcase classname="GIVECENTRAL1.GIVECENTRAL1.BaseClass" name="@AfterSuite endreport" time="0.0">
    <ignored/>
  </testcase> <!-- @AfterSuite endreport -->
  <testcase classname="GIVECENTRAL1.GIVECENTRAL1.BaseClass" name="@AfterSuite endreport" time="0.0">
    <ignored/>
  </testcase> <!-- @AfterSuite endreport -->
  <testcase classname="GIVECENTRAL1.GIVECENTRAL1.BaseClass" name="@AfterSuite endreport" time="0.0">
    <ignored/>
  </testcase> <!-- @AfterSuite endreport -->
  <testcase classname="GIVECENTRAL1.GIVECENTRAL1.BaseClass" name="@AfterSuite endreport" time="0.0">
    <ignored/>
  </testcase> <!-- @AfterSuite endreport -->
  <testcase classname="GIVECENTRAL1.GIVECENTRAL1.BaseClass" name="@AfterSuite endreport" time="0.0">
    <ignored/>
  </testcase> <!-- @AfterSuite endreport -->
  <testcase classname="GIVECENTRAL1.GIVECENTRAL1.BaseClass" name="@AfterSuite endreport" time="0.0">
    <ignored/>
  </testcase> <!-- @AfterSuite endreport -->
  <testcase classname="GIVECENTRAL1.GIVECENTRAL1.BaseClass" name="@AfterSuite endreport" time="0.0">
    <ignored/>
  </testcase> <!-- @AfterSuite endreport -->
  <testcase classname="GIVECENTRAL1.GIVECENTRAL1.BaseClass" name="@AfterSuite endreport" time="0.0">
    <ignored/>
  </testcase> <!-- @AfterSuite endreport -->
  <testcase classname="GIVECENTRAL1.GIVECENTRAL1.BaseClass" name="@AfterSuite endreport" time="0.0">
    <ignored/>
  </testcase> <!-- @AfterSuite endreport -->
  <testcase classname="GIVECENTRAL1.GIVECENTRAL1.BaseClass" name="@AfterSuite endreport" time="0.0">
    <ignored/>
  </testcase> <!-- @AfterSuite endreport -->
</testsuite> <!-- GIVECENTRAL -->
