<?xml version="1.0" encoding="UTF-8"?>
<!-- Generated by org.testng.reporters.JUnitXMLReporter -->
<testsuite ignored="30" hostname="Harender-MacBook-Pro.local" failures="1" tests="1" name="GIVECENTRAL" time="57.584" errors="0" timestamp="2023-07-06T17:18:37 IST">
  <testcase classname="GIVECENTRAL1.GIVECENTRAL1.Crowdfounding_Event" name="CrowdfoundingEvent" time="38.362">
    <failure type="org.openqa.selenium.ElementClickInterceptedException" message="element click intercepted: Element &amp;lt;img src=&amp;quot;https://www.givecentral.org/gulp/redesign/images/homePageModalCloseIconBlack.png&amp;quot; alt=&amp;quot;&amp;quot;&amp;gt; is not clickable at point (845, 51). Other element would receive the click: &amp;lt;ul class=&amp;quot;nav navbar-nav navbar-right&amp;quot;&amp;gt;...&amp;lt;/ul&amp;gt;
  (Session info: chrome=111.0.5563.64)
Build info: version: &amp;apos;4.8.1&amp;apos;, revision: &amp;apos;8ebccac989&amp;apos;
System info: os.name: &amp;apos;Mac OS X&amp;apos;, os.arch: &amp;apos;x86_64&amp;apos;, os.version: &amp;apos;10.15.7&amp;apos;, java.version: &amp;apos;19.0.2&amp;apos;
Driver info: org.openqa.selenium.chrome.ChromeDriver
Command: [322fa111b8e66097c0533a955e6f016d, clickElement {id=e88239e5-8b8f-42fd-8399-380f0cd51aba}]
Capabilities {acceptInsecureCerts: false, browserName: chrome, browserVersion: 111.0.5563.64, chrome: {chromedriverVersion: 111.0.5563.64 (c710e93d5b63..., userDataDir: /var/folders/02/fx5lb6p175s...}, goog:chromeOptions: {debuggerAddress: localhost:49671}, networkConnectionEnabled: false, pageLoadStrategy: normal, platformName: MAC, proxy: Proxy(), se:cdp: ws://localhost:49671/devtoo..., se:cdpVersion: 111.0.5563.64, setWindowRect: true, strictFileInteractability: false, timeouts: {implicit: 0, pageLoad: 300000, script: 30000}, unhandledPromptBehavior: dismiss and notify, webauthn:extension:credBlob: true, webauthn:extension:largeBlob: true, webauthn:extension:minPinLength: true, webauthn:extension:prf: true, webauthn:virtualAuthenticators: true}
Element: [[ChromeDriver: chrome on MAC (322fa111b8e66097c0533a955e6f016d)] -&amp;gt; xpath: //body/div[@id=&amp;apos;page-container&amp;apos;]/div[@id=&amp;apos;wrapper&amp;apos;]/div[@id=&amp;apos;page-wrapper&amp;apos;]/div[@id=&amp;apos;adminPageModal&amp;apos;]/div[1]/div[1]/div[1]/button[1]/span[1]/img[1]]
Session ID: 322fa111b8e66097c0533a955e6f016d">
      <![CDATA[org.openqa.selenium.ElementClickInterceptedException: element click intercepted: Element <img src="https://www.givecentral.org/gulp/redesign/images/homePageModalCloseIconBlack.png" alt=""> is not clickable at point (845, 51). Other element would receive the click: <ul class="nav navbar-nav navbar-right">...</ul>
  (Session info: chrome=111.0.5563.64)
Build info: version: '4.8.1', revision: '8ebccac989'
System info: os.name: 'Mac OS X', os.arch: 'x86_64', os.version: '10.15.7', java.version: '19.0.2'
Driver info: org.openqa.selenium.chrome.ChromeDriver
Command: [322fa111b8e66097c0533a955e6f016d, clickElement {id=e88239e5-8b8f-42fd-8399-380f0cd51aba}]
Capabilities {acceptInsecureCerts: false, browserName: chrome, browserVersion: 111.0.5563.64, chrome: {chromedriverVersion: 111.0.5563.64 (c710e93d5b63..., userDataDir: /var/folders/02/fx5lb6p175s...}, goog:chromeOptions: {debuggerAddress: localhost:49671}, networkConnectionEnabled: false, pageLoadStrategy: normal, platformName: MAC, proxy: Proxy(), se:cdp: ws://localhost:49671/devtoo..., se:cdpVersion: 111.0.5563.64, setWindowRect: true, strictFileInteractability: false, timeouts: {implicit: 0, pageLoad: 300000, script: 30000}, unhandledPromptBehavior: dismiss and notify, webauthn:extension:credBlob: true, webauthn:extension:largeBlob: true, webauthn:extension:minPinLength: true, webauthn:extension:prf: true, webauthn:virtualAuthenticators: true}
Element: [[ChromeDriver: chrome on MAC (322fa111b8e66097c0533a955e6f016d)] -> xpath: //body/div[@id='page-container']/div[@id='wrapper']/div[@id='page-wrapper']/div[@id='adminPageModal']/div[1]/div[1]/div[1]/button[1]/span[1]/img[1]]
Session ID: 322fa111b8e66097c0533a955e6f016d
at org.openqa.selenium.remote.codec.w3c.W3CHttpResponseCodec.createException(W3CHttpResponseCodec.java:200)
at org.openqa.selenium.remote.codec.w3c.W3CHttpResponseCodec.decode(W3CHttpResponseCodec.java:133)
at org.openqa.selenium.remote.codec.w3c.W3CHttpResponseCodec.decode(W3CHttpResponseCodec.java:53)
at org.openqa.selenium.remote.HttpCommandExecutor.execute(HttpCommandExecutor.java:184)
at org.openqa.selenium.remote.service.DriverCommandExecutor.invokeExecute(DriverCommandExecutor.java:167)
at org.openqa.selenium.remote.service.DriverCommandExecutor.execute(DriverCommandExecutor.java:142)
at org.openqa.selenium.remote.RemoteWebDriver.execute(RemoteWebDriver.java:543)
at org.openqa.selenium.remote.RemoteWebElement.execute(RemoteWebElement.java:257)
at org.openqa.selenium.remote.RemoteWebElement.click(RemoteWebElement.java:78)
at GIVECENTRAL1.GIVECENTRAL1.Crowdfounding_Event.CrowdfoundingEvent(Crowdfounding_Event.java:72)
at java.base/java.util.ArrayList.forEach(ArrayList.java:1511)
... Removed 28 stack frames]]>
    </failure>
  </testcase> <!-- CrowdfoundingEvent -->
  <testcase classname="GIVECENTRAL1.GIVECENTRAL1.BaseClass" name="@AfterSuite AfterSuite" time="0.0">
    <ignored/>
  </testcase> <!-- @AfterSuite AfterSuite -->
  <testcase classname="GIVECENTRAL1.GIVECENTRAL1.BaseClass" name="@AfterSuite AfterSuite" time="0.0">
    <ignored/>
  </testcase> <!-- @AfterSuite AfterSuite -->
  <testcase classname="GIVECENTRAL1.GIVECENTRAL1.BaseClass" name="@AfterSuite AfterSuite" time="0.0">
    <ignored/>
  </testcase> <!-- @AfterSuite AfterSuite -->
  <testcase classname="GIVECENTRAL1.GIVECENTRAL1.BaseClass" name="@AfterSuite AfterSuite" time="0.0">
    <ignored/>
  </testcase> <!-- @AfterSuite AfterSuite -->
  <testcase classname="GIVECENTRAL1.GIVECENTRAL1.BaseClass" name="@AfterSuite AfterSuite" time="0.0">
    <ignored/>
  </testcase> <!-- @AfterSuite AfterSuite -->
  <testcase classname="GIVECENTRAL1.GIVECENTRAL1.BaseClass" name="@AfterSuite AfterSuite" time="0.0">
    <ignored/>
  </testcase> <!-- @AfterSuite AfterSuite -->
  <testcase classname="GIVECENTRAL1.GIVECENTRAL1.BaseClass" name="@AfterSuite AfterSuite" time="0.0">
    <ignored/>
  </testcase> <!-- @AfterSuite AfterSuite -->
  <testcase classname="GIVECENTRAL1.GIVECENTRAL1.BaseClass" name="@AfterSuite AfterSuite" time="0.0">
    <ignored/>
  </testcase> <!-- @AfterSuite AfterSuite -->
  <testcase classname="GIVECENTRAL1.GIVECENTRAL1.BaseClass" name="@AfterSuite AfterSuite" time="0.0">
    <ignored/>
  </testcase> <!-- @AfterSuite AfterSuite -->
  <testcase classname="GIVECENTRAL1.GIVECENTRAL1.BaseClass" name="@AfterSuite AfterSuite" time="0.0">
    <ignored/>
  </testcase> <!-- @AfterSuite AfterSuite -->
  <testcase classname="GIVECENTRAL1.GIVECENTRAL1.BaseClass" name="@AfterSuite AfterSuite" time="0.0">
    <ignored/>
  </testcase> <!-- @AfterSuite AfterSuite -->
  <testcase classname="GIVECENTRAL1.GIVECENTRAL1.BaseClass" name="@AfterSuite AfterSuite" time="0.0">
    <ignored/>
  </testcase> <!-- @AfterSuite AfterSuite -->
  <testcase classname="GIVECENTRAL1.GIVECENTRAL1.BaseClass" name="@AfterSuite AfterSuite" time="0.0">
    <ignored/>
  </testcase> <!-- @AfterSuite AfterSuite -->
  <testcase classname="GIVECENTRAL1.GIVECENTRAL1.BaseClass" name="@AfterSuite AfterSuite" time="0.0">
    <ignored/>
  </testcase> <!-- @AfterSuite AfterSuite -->
  <testcase classname="GIVECENTRAL1.GIVECENTRAL1.BaseClass" name="@AfterSuite AfterSuite" time="0.0">
    <ignored/>
  </testcase> <!-- @AfterSuite AfterSuite -->
  <testcase classname="GIVECENTRAL1.GIVECENTRAL1.BaseClass" name="@BeforeSuite BeforeSuite" time="0.0">
    <ignored/>
  </testcase> <!-- @BeforeSuite BeforeSuite -->
  <testcase classname="GIVECENTRAL1.GIVECENTRAL1.BaseClass" name="@BeforeSuite BeforeSuite" time="0.0">
    <ignored/>
  </testcase> <!-- @BeforeSuite BeforeSuite -->
  <testcase classname="GIVECENTRAL1.GIVECENTRAL1.BaseClass" name="@BeforeSuite BeforeSuite" time="0.0">
    <ignored/>
  </testcase> <!-- @BeforeSuite BeforeSuite -->
  <testcase classname="GIVECENTRAL1.GIVECENTRAL1.BaseClass" name="@BeforeSuite BeforeSuite" time="0.0">
    <ignored/>
  </testcase> <!-- @BeforeSuite BeforeSuite -->
  <testcase classname="GIVECENTRAL1.GIVECENTRAL1.BaseClass" name="@BeforeSuite BeforeSuite" time="0.0">
    <ignored/>
  </testcase> <!-- @BeforeSuite BeforeSuite -->
  <testcase classname="GIVECENTRAL1.GIVECENTRAL1.BaseClass" name="@BeforeSuite BeforeSuite" time="0.0">
    <ignored/>
  </testcase> <!-- @BeforeSuite BeforeSuite -->
  <testcase classname="GIVECENTRAL1.GIVECENTRAL1.BaseClass" name="@BeforeSuite BeforeSuite" time="0.0">
    <ignored/>
  </testcase> <!-- @BeforeSuite BeforeSuite -->
  <testcase classname="GIVECENTRAL1.GIVECENTRAL1.BaseClass" name="@BeforeSuite BeforeSuite" time="0.0">
    <ignored/>
  </testcase> <!-- @BeforeSuite BeforeSuite -->
  <testcase classname="GIVECENTRAL1.GIVECENTRAL1.BaseClass" name="@BeforeSuite BeforeSuite" time="0.0">
    <ignored/>
  </testcase> <!-- @BeforeSuite BeforeSuite -->
  <testcase classname="GIVECENTRAL1.GIVECENTRAL1.BaseClass" name="@BeforeSuite BeforeSuite" time="0.0">
    <ignored/>
  </testcase> <!-- @BeforeSuite BeforeSuite -->
  <testcase classname="GIVECENTRAL1.GIVECENTRAL1.BaseClass" name="@BeforeSuite BeforeSuite" time="0.0">
    <ignored/>
  </testcase> <!-- @BeforeSuite BeforeSuite -->
  <testcase classname="GIVECENTRAL1.GIVECENTRAL1.BaseClass" name="@BeforeSuite BeforeSuite" time="0.0">
    <ignored/>
  </testcase> <!-- @BeforeSuite BeforeSuite -->
  <testcase classname="GIVECENTRAL1.GIVECENTRAL1.BaseClass" name="@BeforeSuite BeforeSuite" time="0.0">
    <ignored/>
  </testcase> <!-- @BeforeSuite BeforeSuite -->
  <testcase classname="GIVECENTRAL1.GIVECENTRAL1.BaseClass" name="@BeforeSuite BeforeSuite" time="0.0">
    <ignored/>
  </testcase> <!-- @BeforeSuite BeforeSuite -->
  <testcase classname="GIVECENTRAL1.GIVECENTRAL1.BaseClass" name="@BeforeSuite BeforeSuite" time="0.0">
    <ignored/>
  </testcase> <!-- @BeforeSuite BeforeSuite -->
</testsuite> <!-- GIVECENTRAL -->
