<?xml version="1.0" encoding="UTF-8"?>
<!-- Generated by org.testng.reporters.JUnitXMLReporter -->
<testsuite ignored="0" hostname="Harender-MacBook-Pro.local" failures="1" tests="62" name="GCAPI" time="167.833" errors="0" timestamp="2023-09-16T03:20:35 IST">
  <testcase classname="APITESTING.API.Get_API" name="Get_api" time="3.268">
    <failure type="java.lang.AssertionError" message="Tobias expected:&amp;lt;Tobias&amp;gt; but was:&amp;lt;Verify first name&amp;gt;">
      <![CDATA[java.lang.AssertionError: Tobias expected:<Tobias> but was:<Verify first name>
at APITESTING.API.Get_API.Get_api(Get_API.java:36)
at java.base/java.util.ArrayList.forEach(ArrayList.java:1511)
... Removed 26 stack frames]]>
    </failure>
  </testcase> <!-- Get_api -->
  <testcase classname="APITESTING.API.Basic_Authentication" name="basicauth" time="1.067"/>
  <testcase classname="APITESTING.API.GetTicketEvent" name="get_ticket_event" time="1.919"/>
  <testcase classname="APITESTING.API.apidemo" name="apideletecall" time="0.608"/>
  <testcase classname="APITESTING.API.apidemo" name="apigetcall" time="0.164"/>
  <testcase classname="APITESTING.API.apidemo" name="apipostcall" time="0.561"/>
  <testcase classname="APITESTING.API.apidemo" name="apiputcall" time="0.505"/>
  <testcase classname="APITESTING.API.Post_API" name="postapi" time="0.514"/>
  <testcase classname="APITESTING.API.Delete_API" name="deleteapi" time="0.505"/>
  <testcase classname="APITESTING.API.Delete_API" name="get464user" time="0.51"/>
  <testcase classname="APITESTING.API.PatchDonor" name="oauth" time="1.941"/>
  <testcase classname="APITESTING.API.PatchDonor" name="Update_Donor" time="5.039"/>
  <testcase classname="APITESTING.API.Ticket_Event" name="oauth" time="1.918"/>
  <testcase classname="APITESTING.API.Ticket_Event" name="event" time="2.072"/>
  <testcase classname="APITESTING.API.Ticket_Event" name="donor" time="7.408"/>
  <testcase classname="APITESTING.API.Ticket_Event" name="paymentmethod" time="7.826"/>
  <testcase classname="APITESTING.API.Ticket_Event" name="giftbox" time="2.067"/>
  <testcase classname="APITESTING.API.Ticket_Event" name="signup" time="7.12"/>
  <testcase classname="APITESTING.API.Digest_auth" name="digestauth" time="0.992"/>
  <testcase classname="APITESTING.API.DeleteTicketEvent" name="oauth" time="1.92"/>
  <testcase classname="APITESTING.API.DeleteTicketEvent" name="event" time="1.884"/>
  <testcase classname="APITESTING.API.DeleteTicketEvent" name="delete_normal_event" time="1.971"/>
  <testcase classname="APITESTING.API.DeleteCrowdfundingEvent" name="oauth" time="1.916"/>
  <testcase classname="APITESTING.API.DeleteCrowdfundingEvent" name="crowdfunding" time="2.166"/>
  <testcase classname="APITESTING.API.DeleteCrowdfundingEvent" name="delete_pledge_event" time="1.83"/>
  <testcase classname="APITESTING.API.BearerTokenAuth" name="Bearertokenauth" time="0.441"/>
  <testcase classname="APITESTING.API.GetPledgeEvent" name="get_pledge_event" time="1.977"/>
  <testcase classname="APITESTING.API.Signup" name="signup" time="0.002"/>
  <testcase classname="APITESTING.API.Patch_API" name="patchapi" time="0.534"/>
  <testcase classname="APITESTING.API.GetDonor" name="oauth" time="1.941"/>
  <testcase classname="APITESTING.API.GetDonor" name="get_Donor" time="5.425"/>
  <testcase classname="APITESTING.API.Api_Key_Auth" name="apikeyauth" time="0.516"/>
  <testcase classname="APITESTING.API.CrowdFunding" name="oauth" time="1.91"/>
  <testcase classname="APITESTING.API.CrowdFunding" name="crowdfunding" time="1.867"/>
  <testcase classname="APITESTING.API.CrowdFunding" name="donor" time="7.597"/>
  <testcase classname="APITESTING.API.CrowdFunding" name="paymentmethod" time="5.078"/>
  <testcase classname="APITESTING.API.CrowdFunding" name="giftbox" time="2.097"/>
  <testcase classname="APITESTING.API.CrowdFunding" name="signup" time="5.689"/>
  <testcase classname="APITESTING.API.GetCrowdfundingEvent" name="get_crowdfunding_event" time="2.051"/>
  <testcase classname="APITESTING.API.LoginAPI" name="oauth" time="2.011"/>
  <testcase classname="APITESTING.API.LoginAPI" name="event" time="1.883"/>
  <testcase classname="APITESTING.API.LoginAPI" name="Donor" time="7.487"/>
  <testcase classname="APITESTING.API.LoginAPI" name="paymentmethod" time="5.01"/>
  <testcase classname="APITESTING.API.LoginAPI" name="giftbox" time="1.942"/>
  <testcase classname="APITESTING.API.LoginAPI" name="signup" time="4.688"/>
  <testcase classname="APITESTING.API.GetNormalEvent" name="get_normal_event" time="1.684"/>
  <testcase classname="APITESTING.API.DeletePledgeEvent" name="oauth" time="1.852"/>
  <testcase classname="APITESTING.API.DeletePledgeEvent" name="pledgeevent" time="2.023"/>
  <testcase classname="APITESTING.API.DeletePledgeEvent" name="delete_pledge_event" time="1.725"/>
  <testcase classname="APITESTING.API.Put_API" name="putapi" time="0.487"/>
  <testcase classname="APITESTING.API.Pledge_Event" name="oauth" time="1.908"/>
  <testcase classname="APITESTING.API.Pledge_Event" name="pledgeevent" time="1.956"/>
  <testcase classname="APITESTING.API.Pledge_Event" name="donor" time="7.208"/>
  <testcase classname="APITESTING.API.Pledge_Event" name="paymentmethod" time="5.118"/>
  <testcase classname="APITESTING.API.Pledge_Event" name="giftbox" time="2.23"/>
  <testcase classname="APITESTING.API.Pledge_Event" name="signup" time="4.911"/>
  <testcase classname="APITESTING.API.Donor" name="oauth" time="1.906"/>
  <testcase classname="APITESTING.API.Donor" name="Donor" time="7.526"/>
  <testcase classname="APITESTING.API.DeleteNormalEvent" name="oauth" time="1.88"/>
  <testcase classname="APITESTING.API.DeleteNormalEvent" name="event" time="1.927"/>
  <testcase classname="APITESTING.API.DeleteNormalEvent" name="delete_normal_event" time="1.818"/>
  <testcase classname="APITESTING.API.Locationapi" name="locationapi" time="3.56"/>
</testsuite> <!-- GCAPI -->
