<?xml version="1.0" encoding="UTF-8"?>
<!-- Generated by org.testng.reporters.JUnitXMLReporter -->
<testsuite ignored="0" hostname="Harender-MacBook-Pro.local" failures="0" tests="6" name="Default test" time="16.99" errors="0" timestamp="2023-12-30T21:35:45 IST">
  <testcase classname="APITESTING.API.LoginAPI" name="oauth" time="5.6"/>
  <testcase classname="APITESTING.API.LoginAPI" name="event" time="2.51"/>
  <testcase classname="APITESTING.API.LoginAPI" name="Donor" time="2.213"/>
  <testcase classname="APITESTING.API.LoginAPI" name="paymentmethod" time="2.069"/>
  <testcase classname="APITESTING.API.LoginAPI" name="giftbox" time="2.312"/>
  <testcase classname="APITESTING.API.LoginAPI" name="signup" time="2.123"/>
</testsuite> <!-- Default test -->
